0 info it worked if it ends with ok
1 verbose cli [ 'node', '/usr/local/bin/npm', 'install', '-g', 'node-inspector' ]
2 info using npm@2.5.1
3 info using node@v0.12.0
4 silly cache add args [ 'node-inspector', null ]
5 verbose cache add spec node-inspector
6 silly cache add parsed spec { raw: 'node-inspector',
6 silly cache add   scope: null,
6 silly cache add   name: 'node-inspector',
6 silly cache add   rawSpec: '',
6 silly cache add   spec: '*',
6 silly cache add   type: 'range' }
7 verbose addNamed node-inspector@*
8 silly addNamed semver.valid null
9 silly addNamed semver.validRange *
10 silly addNameRange { name: 'node-inspector', range: '*', hasData: false }
11 silly mapToRegistry name node-inspector
12 silly mapToRegistry using default registry
13 silly mapToRegistry registry https://registry.npmjs.org/
14 silly mapToRegistry uri https://registry.npmjs.org/node-inspector
15 verbose addNameRange registry:https://registry.npmjs.org/node-inspector not in flight; fetching
16 verbose request uri https://registry.npmjs.org/node-inspector
17 verbose request no auth needed
18 info attempt registry request try #1 at 5:41:51 PM
19 verbose request id a7f6afc5ed2be927
20 http request GET https://registry.npmjs.org/node-inspector
21 http 200 https://registry.npmjs.org/node-inspector
22 silly get cb [ 200,
22 silly get   { server: 'CouchDB/1.5.0 (Erlang OTP/R16B03)',
22 silly get     etag: '"2Q0Q4FYIV7ONB4TYKCC1XLV8U"',
22 silly get     'content-type': 'application/json',
22 silly get     'cache-control': 'max-age=60',
22 silly get     'content-length': '116807',
22 silly get     'accept-ranges': 'bytes',
22 silly get     date: 'Wed, 08 Jul 2015 09:42:00 GMT',
22 silly get     via: '1.1 varnish',
22 silly get     age: '44',
22 silly get     connection: 'keep-alive',
22 silly get     'x-served-by': 'cache-nrt6128-NRT',
22 silly get     'x-cache': 'HIT',
22 silly get     'x-cache-hits': '1',
22 silly get     'x-timer': 'S1436348520.782881,VS0,VE1',
22 silly get     vary: 'Accept' } ]
23 verbose get saving node-inspector to /Users/guoshencheng/.npm/registry.npmjs.org/node-inspector/.cache.json
24 silly addNameRange number 2 { name: 'node-inspector', range: '*', hasData: true }
25 silly addNameRange versions [ 'node-inspector',
25 silly addNameRange   [ '0.0.1',
25 silly addNameRange     '0.0.2',
25 silly addNameRange     '0.0.3',
25 silly addNameRange     '0.0.4',
25 silly addNameRange     '0.1.0',
25 silly addNameRange     '0.1.1',
25 silly addNameRange     '0.1.2',
25 silly addNameRange     '0.1.3',
25 silly addNameRange     '0.1.4',
25 silly addNameRange     '0.1.5',
25 silly addNameRange     '0.1.6',
25 silly addNameRange     '0.1.7',
25 silly addNameRange     '0.1.8',
25 silly addNameRange     '0.1.9',
25 silly addNameRange     '0.1.10',
25 silly addNameRange     '0.3.0',
25 silly addNameRange     '0.3.1',
25 silly addNameRange     '0.3.2',
25 silly addNameRange     '0.3.3',
25 silly addNameRange     '0.3.4',
25 silly addNameRange     '0.4.0',
25 silly addNameRange     '0.5.0',
25 silly addNameRange     '0.6.0',
25 silly addNameRange     '0.6.1',
25 silly addNameRange     '0.6.2',
25 silly addNameRange     '0.7.0-1',
25 silly addNameRange     '0.2.0-beta1',
25 silly addNameRange     '0.2.0-beta2',
25 silly addNameRange     '0.2.0-beta3',
25 silly addNameRange     '0.2.0-beta4',
25 silly addNameRange     '0.3.0-preview1',
25 silly addNameRange     '0.7.0-2',
25 silly addNameRange     '0.7.0',
25 silly addNameRange     '0.7.1',
25 silly addNameRange     '0.7.2',
25 silly addNameRange     '0.7.3',
25 silly addNameRange     '0.7.4',
25 silly addNameRange     '0.8.0',
25 silly addNameRange     '0.8.1',
25 silly addNameRange     '0.8.3',
25 silly addNameRange     '0.9.0',
25 silly addNameRange     '0.9.1',
25 silly addNameRange     '0.9.2',
25 silly addNameRange     '0.10.0',
25 silly addNameRange     '0.10.1',
25 silly addNameRange     '0.10.2',
25 silly addNameRange     '0.11.0',
25 silly addNameRange     '0.11.1' ] ]
26 verbose addNamed node-inspector@0.11.1
27 silly addNamed semver.valid 0.11.1
28 silly addNamed semver.validRange 0.11.1
29 silly mapToRegistry name node-inspector
30 silly mapToRegistry using default registry
31 silly mapToRegistry registry https://registry.npmjs.org/
32 silly mapToRegistry uri https://registry.npmjs.org/node-inspector
33 verbose addRemoteTarball https://registry.npmjs.org/node-inspector/-/node-inspector-0.11.1.tgz not in flight; adding
34 verbose addRemoteTarball [ 'https://registry.npmjs.org/node-inspector/-/node-inspector-0.11.1.tgz',
34 verbose addRemoteTarball   '862edf310594440de3cf52bece0f125e8484cee7' ]
35 info retry fetch attempt 1 at 5:42:22 PM
36 info attempt registry request try #1 at 5:42:22 PM
37 http fetch GET https://registry.npmjs.org/node-inspector/-/node-inspector-0.11.1.tgz
38 http fetch 200 https://registry.npmjs.org/node-inspector/-/node-inspector-0.11.1.tgz
39 silly fetchAndShaCheck shasum 862edf310594440de3cf52bece0f125e8484cee7
40 verbose stack Error: shasum check failed for /tmp/npm-6418-a5de32b9/registry.npmjs.org/node-inspector/-/node-inspector-0.11.1.tgz
40 verbose stack Expected: 862edf310594440de3cf52bece0f125e8484cee7
40 verbose stack Actual:   6db13b8fac7c7d6fb7ebae7d78edd89c87514a8b
40 verbose stack From:     https://registry.npmjs.org/node-inspector/-/node-inspector-0.11.1.tgz
40 verbose stack     at /usr/local/lib/node_modules/npm/node_modules/sha/index.js:38:8
40 verbose stack     at ReadStream.<anonymous> (/usr/local/lib/node_modules/npm/node_modules/sha/index.js:85:7)
40 verbose stack     at ReadStream.emit (events.js:129:20)
40 verbose stack     at _stream_readable.js:908:16
40 verbose stack     at process._tickCallback (node.js:355:11)
41 verbose cwd /Library/WebServer/Documents/GoodFace
42 error Darwin 14.1.0
43 error argv "node" "/usr/local/bin/npm" "install" "-g" "node-inspector"
44 error node v0.12.0
45 error npm  v2.5.1
46 error shasum check failed for /tmp/npm-6418-a5de32b9/registry.npmjs.org/node-inspector/-/node-inspector-0.11.1.tgz
46 error Expected: 862edf310594440de3cf52bece0f125e8484cee7
46 error Actual:   6db13b8fac7c7d6fb7ebae7d78edd89c87514a8b
46 error From:     https://registry.npmjs.org/node-inspector/-/node-inspector-0.11.1.tgz
47 error If you need help, you may report this error at:
47 error     <http://github.com/npm/npm/issues>
48 verbose exit [ 1, true ]
